<?xml version="1.0" encoding="UTF-8"?>
<testng-results ignored="0" total="1" passed="1" failed="0" skipped="0">
  <reporter-output>
  </reporter-output>
  <suite started-at="2025-05-25T12:58:35 IST" name="Suite" finished-at="2025-05-25T12:58:40 IST" duration-ms="4486">
    <groups>
    </groups>
    <test started-at="2025-05-25T12:58:35 IST" name="Test" finished-at="2025-05-25T12:58:40 IST" duration-ms="4486">
      <class name="Jenkins_01.Orange_Title">
        <test-method signature="startbrowser()[pri:0, instance:Jenkins_01.Orange_Title@498d318c]" started-at="2025-05-25T12:58:35 IST" name="startbrowser" finished-at="2025-05-25T12:58:40 IST" duration-ms="4449" status="PASS">
          <reporter-output>
          </reporter-output>
        </test-method> <!-- startbrowser -->
      </class> <!-- Jenkins_01.Orange_Title -->
    </test> <!-- Test -->
  </suite> <!-- Suite -->
</testng-results>
